Using pre-set license
Built from '2020.3/release' branch; Version is '2020.3.1f1 (77a89f25062f) revision 7841951'; Using compiler version '192528614'; Build Type 'Release'
OS: 'Windows 10 Home; OS build 19044.2364; Version 2009; 64bit' Language: 'en' Physical Memory: 16252 MB
BatchMode: 1, IsHumanControllingUs: 0, StartBugReporterOnCrash: 0, Is64bit: 1, IsPro: 0

 COMMAND LINE ARGUMENTS:
C:\Program Files\Unity\Hub\Editor\2020.3.1f1\Editor\Unity.exe
-adb2
-batchMode
-noUpm
-name
AssetImportWorker0
-projectPath
C:/Users/ajfib/My project
-logFile
Logs/AssetImportWorker0.log
-srvPort
60329
Successfully changed project path to: C:/Users/ajfib/My project
C:/Users/ajfib/My project
Using Asset Import Pipeline V2.
Refreshing native plugins compatible for Editor in 20.12 ms, found 0 plugins.
Preloading 0 native plugins for Editor in 0.00 ms.
Initialize engine version: 2020.3.1f1 (77a89f25062f)
[Subsystems] Discovering subsystems at path C:/Program Files/Unity/Hub/Editor/2020.3.1f1/Editor/Data/Resources/UnitySubsystems
[Subsystems] Discovering subsystems at path C:/Users/ajfib/My project/Assets
GfxDevice: creating device client; threaded=0
Direct3D:
    Version:  Direct3D 11.0 [level 11.1]
    Renderer: NVIDIA GeForce GTX 1660 Ti (ID=0x2191)
    Vendor:   
    VRAM:     5991 MB
    Driver:   31.0.15.1700
Initialize mono
Mono path[0] = 'C:/Program Files/Unity/Hub/Editor/2020.3.1f1/Editor/Data/Managed'
Mono path[1] = 'C:/Program Files/Unity/Hub/Editor/2020.3.1f1/Editor/Data/MonoBleedingEdge/lib/mono/unityjit'
Mono config path = 'C:/Program Files/Unity/Hub/Editor/2020.3.1f1/Editor/Data/MonoBleedingEdge/etc'
Using monoOptions --debugger-agent=transport=dt_socket,embedding=1,server=y,suspend=n,address=127.0.0.1:56240
Begin MonoManager ReloadAssembly
Registering precompiled unity dll's ...
Register platform support module: C:/Program Files/Unity/Hub/Editor/2020.3.1f1/Editor/Data/PlaybackEngines/WebGLSupport/UnityEditor.WebGL.Extensions.dll
Register platform support module: C:/Program Files/Unity/Hub/Editor/2020.3.1f1/Editor/Data/PlaybackEngines/WindowsStandaloneSupport/UnityEditor.WindowsStandalone.Extensions.dll
Registered in 0.002449 seconds.
Native extension for WindowsStandalone target not found
Native extension for WebGL target not found
Refreshing native plugins compatible for Editor in 24.50 ms, found 0 plugins.
Preloading 0 native plugins for Editor in 0.00 ms.
Invoked RoslynAnalysisRunner static constructor.
RoslynAnalysisRunner will not be running.
RoslynAnalysisRunner has terminated.
Mono: successfully reloaded assembly
- Completed reload, in  1.106 seconds
Platform modules already initialized, skipping
Registering precompiled user dll's ...
Registered in 0.000593 seconds.
Begin MonoManager ReloadAssembly
Native extension for WindowsStandalone target not found
Native extension for WebGL target not found
Refreshing native plugins compatible for Editor in 0.34 ms, found 0 plugins.
Preloading 0 native plugins for Editor in 0.00 ms.
Invoked RoslynAnalysisRunner static constructor.
RoslynAnalysisRunner will not be running.
RoslynAnalysisRunner has terminated.
Mono: successfully reloaded assembly
- Completed reload, in  0.846 seconds
Platform modules already initialized, skipping
========================================================================
Worker process is ready to serve import requests
Launched and connected shader compiler UnityShaderCompiler.exe after 0.04 seconds
Refreshing native plugins compatible for Editor in 0.21 ms, found 0 plugins.
Preloading 0 native plugins for Editor in 0.00 ms.
Unloading 1113 Unused Serialized files (Serialized files now loaded: 0)
System memory in use before: 56.9 MB.
System memory in use after: 57.0 MB.

Unloading 10 unused Assets to reduce memory usage. Loaded Objects now: 1555.
Total: 2.223900 ms (FindLiveObjects: 0.145200 ms CreateObjectMapping: 0.036800 ms MarkObjects: 1.964300 ms  DeleteObjects: 0.076500 ms)

========================================================================
Received Import Request.
  path: Assets/Scenes
  artifactKey: Guid(1348739caf1900f4fb80d85da82ab0ea) Importer(815301076,1909f56bfc062723c751e8b465ee728b)
Start importing Assets/Scenes using Guid(1348739caf1900f4fb80d85da82ab0ea) Importer(815301076,1909f56bfc062723c751e8b465ee728b)  -> (artifact id: '92ff7e86c936a6b17195962744b2733a') in 0.011579 seconds
  Import took 0.014526 seconds .

========================================================================
Received Import Request.
  Time since last request: 0.231325 seconds.
  path: Assets
  artifactKey: Guid(00000000000000001000000000000000) Importer(815301076,1909f56bfc062723c751e8b465ee728b)
Start importing Assets using Guid(00000000000000001000000000000000) Importer(815301076,1909f56bfc062723c751e8b465ee728b)  -> (artifact id: 'a6374019befeac6ce670f13ba9960efb') in 0.006305 seconds
  Import took 0.018775 seconds .

========================================================================
Received Import Request.
  Time since last request: 13.115967 seconds.
  path: Assets/Materials
  artifactKey: Guid(921b6562984c0c74fb98ad2bdee0a70f) Importer(815301076,1909f56bfc062723c751e8b465ee728b)
Start importing Assets/Materials using Guid(921b6562984c0c74fb98ad2bdee0a70f) Importer(815301076,1909f56bfc062723c751e8b465ee728b)  -> (artifact id: '39dc79bea96d01de21c3d652b5134194') in 0.006469 seconds
  Import took 0.008853 seconds .

========================================================================
Received Import Request.
  Time since last request: 35.947528 seconds.
  path: Assets/Materials/New Material.mat
  artifactKey: Guid(0337f6d812904f8429414dbf66379e56) Importer(815301076,1909f56bfc062723c751e8b465ee728b)
Start importing Assets/Materials/New Material.mat using Guid(0337f6d812904f8429414dbf66379e56) Importer(815301076,1909f56bfc062723c751e8b465ee728b)  -> (artifact id: '95387943c97c6804ee21ffa6c120d37e') in 0.124869 seconds
  Import took 0.127045 seconds .

========================================================================
Received Import Request.
  Time since last request: 132.750467 seconds.
  path: Assets/Materials/New Material.mat
  artifactKey: Guid(9bd69f859b538434e9a9e54989e3301d) Importer(815301076,1909f56bfc062723c751e8b465ee728b)
Start importing Assets/Materials/New Material.mat using Guid(9bd69f859b538434e9a9e54989e3301d) Importer(815301076,1909f56bfc062723c751e8b465ee728b)  -> (artifact id: 'ee41710d5e532961b60c7a72bd8600aa') in 0.010356 seconds
  Import took 0.013073 seconds .

========================================================================
Received Import Request.
  Time since last request: 69.726012 seconds.
  path: Assets/Materials/New Material.mat
  artifactKey: Guid(da17a3edb01af35449b1b00263e8ef3b) Importer(815301076,1909f56bfc062723c751e8b465ee728b)
Start importing Assets/Materials/New Material.mat using Guid(da17a3edb01af35449b1b00263e8ef3b) Importer(815301076,1909f56bfc062723c751e8b465ee728b)  -> (artifact id: '254f38417f0e0574933c9a3b1d4b1922') in 0.013263 seconds
  Import took 0.015736 seconds .

========================================================================
Received Import Request.
  Time since last request: 60.041182 seconds.
  path: Assets/Materials/New Material.mat
  artifactKey: Guid(91ab830b4a89f8649a9cb15f07423fe8) Importer(815301076,1909f56bfc062723c751e8b465ee728b)
Start importing Assets/Materials/New Material.mat using Guid(91ab830b4a89f8649a9cb15f07423fe8) Importer(815301076,1909f56bfc062723c751e8b465ee728b)  -> (artifact id: 'a17736bd78ccb121865c3dfa5c8bed9a') in 0.008263 seconds
  Import took 0.010904 seconds .

========================================================================
Received Import Request.
  Time since last request: 702.886785 seconds.
  path: Assets/Prefabs
  artifactKey: Guid(cc532b8087437b343a46749346d824fc) Importer(815301076,1909f56bfc062723c751e8b465ee728b)
Start importing Assets/Prefabs using Guid(cc532b8087437b343a46749346d824fc) Importer(815301076,1909f56bfc062723c751e8b465ee728b)  -> (artifact id: 'a5141e0ea35789e3aa18356d300fe91d') in 0.013925 seconds
  Import took 0.017084 seconds .

========================================================================
Received Import Request.
  Time since last request: 18.691738 seconds.
  path: Assets/Cube.prefab
  artifactKey: Guid(5b0ecc463be56294a9abf5d3f235dd1f) Importer(815301076,1909f56bfc062723c751e8b465ee728b)
Start importing Assets/Cube.prefab using Guid(5b0ecc463be56294a9abf5d3f235dd1f) Importer(815301076,1909f56bfc062723c751e8b465ee728b)  -> (artifact id: '6cf53c5517bbf8dd8ae730c74c49ae1a') in 0.036458 seconds
  Import took 0.038286 seconds .

========================================================================
Received Import Request.
  Time since last request: 15.807173 seconds.
  path: Assets/Prefabs/Cube.prefab
  artifactKey: Guid(35d89cd4a79e52b44bbb613bc616a6d6) Importer(815301076,1909f56bfc062723c751e8b465ee728b)
Start importing Assets/Prefabs/Cube.prefab using Guid(35d89cd4a79e52b44bbb613bc616a6d6) Importer(815301076,1909f56bfc062723c751e8b465ee728b)  -> (artifact id: 'a9da72e1cd1ffa55f47108c472b66cc8') in 0.011661 seconds
  Import took 0.013682 seconds .

========================================================================
Received Import Request.
  Time since last request: 0.013563 seconds.
  path: Assets/Prefabs/Cube.prefab
  artifactKey: Guid(35d89cd4a79e52b44bbb613bc616a6d6) Importer(815301076,1909f56bfc062723c751e8b465ee728b)
Start importing Assets/Prefabs/Cube.prefab using Guid(35d89cd4a79e52b44bbb613bc616a6d6) Importer(815301076,1909f56bfc062723c751e8b465ee728b)  -> (artifact id: 'a9da72e1cd1ffa55f47108c472b66cc8') in 0.009864 seconds
  Import took 0.012701 seconds .

========================================================================
Received Import Request.
  Time since last request: 3.611762 seconds.
  path: Assets/Prefabs/Cylinder.prefab
  artifactKey: Guid(56de0b4530a9eba48b29b742f727088c) Importer(815301076,1909f56bfc062723c751e8b465ee728b)
Start importing Assets/Prefabs/Cylinder.prefab using Guid(56de0b4530a9eba48b29b742f727088c) Importer(815301076,1909f56bfc062723c751e8b465ee728b)  -> (artifact id: 'a4a0637c8846e35e43d47fa01f9ab7e4') in 0.013411 seconds
  Import took 0.015490 seconds .

========================================================================
Received Import Request.
  Time since last request: 0.013508 seconds.
  path: Assets/Prefabs/Cylinder.prefab
  artifactKey: Guid(56de0b4530a9eba48b29b742f727088c) Importer(815301076,1909f56bfc062723c751e8b465ee728b)
Start importing Assets/Prefabs/Cylinder.prefab using Guid(56de0b4530a9eba48b29b742f727088c) Importer(815301076,1909f56bfc062723c751e8b465ee728b)  -> (artifact id: 'a4a0637c8846e35e43d47fa01f9ab7e4') in 0.007855 seconds
  Import took 0.010562 seconds .

========================================================================
Received Import Request.
  Time since last request: 2.380834 seconds.
  path: Assets/Prefabs/Sphere.prefab
  artifactKey: Guid(60c5d8b7f6926324c9f1b5e6d33bcbc8) Importer(815301076,1909f56bfc062723c751e8b465ee728b)
Start importing Assets/Prefabs/Sphere.prefab using Guid(60c5d8b7f6926324c9f1b5e6d33bcbc8) Importer(815301076,1909f56bfc062723c751e8b465ee728b)  -> (artifact id: '3396fe97e59bef426c3dbe14a06b8bfc') in 0.011883 seconds
  Import took 0.013947 seconds .

========================================================================
Received Import Request.
  Time since last request: 0.021495 seconds.
  path: Assets/Prefabs/Sphere.prefab
  artifactKey: Guid(60c5d8b7f6926324c9f1b5e6d33bcbc8) Importer(815301076,1909f56bfc062723c751e8b465ee728b)
Start importing Assets/Prefabs/Sphere.prefab using Guid(60c5d8b7f6926324c9f1b5e6d33bcbc8) Importer(815301076,1909f56bfc062723c751e8b465ee728b)  -> (artifact id: '3396fe97e59bef426c3dbe14a06b8bfc') in 0.007593 seconds
  Import took 0.011120 seconds .

========================================================================
Received Import Request.
  Time since last request: 2.224996 seconds.
  path: Assets/Prefabs/Capsule.prefab
  artifactKey: Guid(6795e1b4fe4d8ea499c7ccd55c9dfba7) Importer(815301076,1909f56bfc062723c751e8b465ee728b)
Start importing Assets/Prefabs/Capsule.prefab using Guid(6795e1b4fe4d8ea499c7ccd55c9dfba7) Importer(815301076,1909f56bfc062723c751e8b465ee728b)  -> (artifact id: '212e3ca035ec074965fa6ea335141a9a') in 0.009869 seconds
  Import took 0.012475 seconds .

========================================================================
Received Import Request.
  Time since last request: 0.017414 seconds.
  path: Assets/Prefabs/Capsule.prefab
  artifactKey: Guid(6795e1b4fe4d8ea499c7ccd55c9dfba7) Importer(815301076,1909f56bfc062723c751e8b465ee728b)
Start importing Assets/Prefabs/Capsule.prefab using Guid(6795e1b4fe4d8ea499c7ccd55c9dfba7) Importer(815301076,1909f56bfc062723c751e8b465ee728b)  -> (artifact id: '212e3ca035ec074965fa6ea335141a9a') in 0.011795 seconds
  Import took 0.015073 seconds .

AssetImportWorkerClient::OnTransportError - code=2 error=End of file
